0 info it worked if it ends with ok
1 verbose cli [ '/usr/local/bin/node', '/usr/local/bin/npm', 'publish' ]
2 info using npm@3.10.10
3 info using node@v6.9.3
4 verbose publish [ '.' ]
5 silly cache add args [ '.', null ]
6 verbose cache add spec .
7 silly cache add parsed spec Result {
7 silly cache add   raw: '.',
7 silly cache add   scope: null,
7 silly cache add   escapedName: null,
7 silly cache add   name: null,
7 silly cache add   rawSpec: '.',
7 silly cache add   spec: '/Users/renren/workspace/freemarker',
7 silly cache add   type: 'directory' }
8 verbose addLocalDirectory /Users/renren/.npm/freemarker2js/1.0.0/package.tgz not in flight; packing
9 verbose correctMkdir /Users/renren/.npm correctMkdir not in flight; initializing
10 info lifecycle freemarker2js@1.0.0~prepublish: freemarker2js@1.0.0
11 silly lifecycle freemarker2js@1.0.0~prepublish: no script for prepublish, continuing
12 verbose tar pack [ '/Users/renren/.npm/freemarker2js/1.0.0/package.tgz',
12 verbose tar pack   '/Users/renren/workspace/freemarker' ]
13 verbose tarball /Users/renren/.npm/freemarker2js/1.0.0/package.tgz
14 verbose folder /Users/renren/workspace/freemarker
15 verbose addLocalTarball adding from inside cache /Users/renren/.npm/freemarker2js/1.0.0/package.tgz
16 verbose correctMkdir /Users/renren/.npm correctMkdir not in flight; initializing
17 silly cache afterAdd freemarker2js@1.0.0
18 verbose afterAdd /Users/renren/.npm/freemarker2js/1.0.0/package/package.json not in flight; writing
19 verbose correctMkdir /Users/renren/.npm correctMkdir not in flight; initializing
20 verbose afterAdd /Users/renren/.npm/freemarker2js/1.0.0/package/package.json written
21 silly publish { name: 'freemarker2js',
21 silly publish   version: '1.0.0',
21 silly publish   description: 'transform freemarker to js',
21 silly publish   main: 'index.js',
21 silly publish   scripts: { test: 'echo "Error: no test specified" && exit 1' },
21 silly publish   keywords: [ 'shixia' ],
21 silly publish   author: { name: 'shixia' },
21 silly publish   license: 'ISC',
21 silly publish   readme: 'ERROR: No README data found!',
21 silly publish   _id: 'freemarker2js@1.0.0',
21 silly publish   _shasum: '5d6bd4f972304f1cb1bd3716e7750cd5c22ed2fa',
21 silly publish   _from: '.' }
22 verbose getPublishConfig undefined
23 silly mapToRegistry name freemarker2js
24 silly mapToRegistry using default registry
25 silly mapToRegistry registry https://registry.npm.taobao.org/
26 silly mapToRegistry data Result {
26 silly mapToRegistry   raw: 'freemarker2js',
26 silly mapToRegistry   scope: null,
26 silly mapToRegistry   escapedName: 'freemarker2js',
26 silly mapToRegistry   name: 'freemarker2js',
26 silly mapToRegistry   rawSpec: '',
26 silly mapToRegistry   spec: 'latest',
26 silly mapToRegistry   type: 'tag' }
27 silly mapToRegistry uri https://registry.npm.taobao.org/freemarker2js
28 verbose publish registryBase https://registry.npm.taobao.org/
29 silly publish uploading /Users/renren/.npm/freemarker2js/1.0.0/package.tgz
30 verbose request uri https://registry.npm.taobao.org/freemarker2js
31 verbose request sending authorization for write operation
32 info attempt registry request try #1 at 14:10:08
33 verbose request id f98f0f7b12037ffd
34 http request PUT https://registry.npm.taobao.org/freemarker2js
35 http 403 https://registry.npm.taobao.org/freemarker2js
36 verbose headers { date: 'Tue, 13 Mar 2018 06:10:09 GMT',
36 verbose headers   'content-type': 'application/json; charset=utf-8',
36 verbose headers   'content-length': '87',
36 verbose headers   connection: 'keep-alive',
36 verbose headers   'x-current-requests': '1',
36 verbose headers   'x-readtime': '5' }
37 verbose request invalidating /Users/renren/.npm/registry.npm.taobao.org/freemarker2js on PUT
38 error publish Failed PUT 403
39 verbose stack Error: no_perms Private mode enable, only admin can publish this module: freemarker2js
39 verbose stack     at makeError (/usr/local/lib/node_modules/npm/node_modules/npm-registry-client/lib/request.js:302:12)
39 verbose stack     at CachingRegistryClient.<anonymous> (/usr/local/lib/node_modules/npm/node_modules/npm-registry-client/lib/request.js:290:14)
39 verbose stack     at Request._callback (/usr/local/lib/node_modules/npm/node_modules/npm-registry-client/lib/request.js:210:14)
39 verbose stack     at Request.self.callback (/usr/local/lib/node_modules/npm/node_modules/request/request.js:187:22)
39 verbose stack     at emitTwo (events.js:106:13)
39 verbose stack     at Request.emit (events.js:191:7)
39 verbose stack     at Request.<anonymous> (/usr/local/lib/node_modules/npm/node_modules/request/request.js:1048:10)
39 verbose stack     at emitOne (events.js:96:13)
39 verbose stack     at Request.emit (events.js:188:7)
39 verbose stack     at IncomingMessage.<anonymous> (/usr/local/lib/node_modules/npm/node_modules/request/request.js:969:12)
40 verbose statusCode 403
41 verbose pkgid freemarker2js
42 verbose cwd /Users/renren/workspace/freemarker
43 error Darwin 15.0.0
44 error argv "/usr/local/bin/node" "/usr/local/bin/npm" "publish"
45 error node v6.9.3
46 error npm  v3.10.10
47 error code E403
48 error no_perms Private mode enable, only admin can publish this module: freemarker2js
49 error If you need help, you may report this error at:
49 error     <https://github.com/npm/npm/issues>
50 verbose exit [ 1, true ]
